Unity Editor version:    2022.3.15f1 (b58023a2b463)
Branch:                  2022.3/staging
Build type:              Release
Batch mode:              YES
macOS version:           Version 14.2.1 (Build 23C71)
Darwin version:          23.2.0
Architecture:            arm64
Running under Rosetta:   NO
Available memory:        16384 MB
Using pre-set license
Pro License: YES

COMMAND LINE ARGUMENTS:
/Applications/Unity/Hub/Editor/2022.3.15f1/Unity.app/Contents/MacOS/Unity
-adb2
-batchMode
-noUpm
-name
AssetImportWorker1
-projectPath
/Users/selinnamak/Unity/UnityLearn/3D Object Sample
-logFile
Logs/AssetImportWorker1.log
-srvPort
50258
Successfully changed project path to: /Users/selinnamak/Unity/UnityLearn/3D Object Sample
/Users/selinnamak/Unity/UnityLearn/3D Object Sample
[UnityMemory] Configuration Parameters - Can be set up in boot.config
    "memorysetup-bucket-allocator-granularity=16"
    "memorysetup-bucket-allocator-bucket-count=8"
    "memorysetup-bucket-allocator-block-size=33554432"
    "memorysetup-bucket-allocator-block-count=8"
    "memorysetup-main-allocator-block-size=16777216"
    "memorysetup-thread-allocator-block-size=16777216"
    "memorysetup-gfx-main-allocator-block-size=16777216"
    "memorysetup-gfx-thread-allocator-block-size=16777216"
    "memorysetup-cache-allocator-block-size=4194304"
    "memorysetup-typetree-allocator-block-size=2097152"
    "memorysetup-profiler-bucket-allocator-granularity=16"
    "memorysetup-profiler-bucket-allocator-bucket-count=8"
    "memorysetup-profiler-bucket-allocator-block-size=33554432"
    "memorysetup-profiler-bucket-allocator-block-count=8"
    "memorysetup-profiler-allocator-block-size=16777216"
    "memorysetup-profiler-editor-allocator-block-size=1048576"
    "memorysetup-temp-allocator-size-main=16777216"
    "memorysetup-job-temp-allocator-block-size=2097152"
    "memorysetup-job-temp-allocator-block-size-background=1048576"
    "memorysetup-job-temp-allocator-reduction-small-platforms=262144"
    "memorysetup-allocator-temp-initial-block-size-main=262144"
    "memorysetup-allocator-temp-initial-block-size-worker=262144"
    "memorysetup-temp-allocator-size-background-worker=32768"
    "memorysetup-temp-allocator-size-job-worker=262144"
    "memorysetup-temp-allocator-size-preload-manager=33554432"
    "memorysetup-temp-allocator-size-nav-mesh-worker=65536"
    "memorysetup-temp-allocator-size-audio-worker=65536"
    "memorysetup-temp-allocator-size-cloud-worker=32768"
    "memorysetup-temp-allocator-size-gi-baking-worker=262144"
    "memorysetup-temp-allocator-size-gfx=262144"
Player connection [8059424768] Host "[IP] 10.22.249.168 [Port] 0 [Flags] 2 [Guid] 1214920928 [EditorId] 1214920928 [Version] 1048832 [Id] OSXEditor(0,Selin-MacBook-Pro.local) [Debug] 1 [PackageName] OSXEditor [ProjectName] Editor" joined multi-casting on [225.0.0.222:54997]...

Player connection [8059424768] Host "[IP] 10.22.249.168 [Port] 0 [Flags] 2 [Guid] 1214920928 [EditorId] 1214920928 [Version] 1048832 [Id] OSXEditor(0,Selin-MacBook-Pro.local) [Debug] 1 [PackageName] OSXEditor [ProjectName] Editor" joined alternative multi-casting on [225.0.0.222:34997]...

[Physics::Module] Initialized MultithreadedJobDispatcher with 7 workers.
Refreshing native plugins compatible for Editor in 10.01 ms, found 2 plugins.
Preloading 0 native plugins for Editor in 0.00 ms.
Initialize engine version: 2022.3.15f1 (b58023a2b463)
[Subsystems] Discovering subsystems at path /Applications/Unity/Hub/Editor/2022.3.15f1/Unity.app/Contents/Resources/UnitySubsystems
[Subsystems] Discovering subsystems at path /Users/selinnamak/Unity/UnityLearn/3D Object Sample/Assets
GfxDevice: creating device client; threaded=0; jobified=0
 preferred device: Apple M2 (high power)
Metal devices available: 1
0: Apple M2 (high power)
Using device Apple M2 (high power)
Initializing Metal device caps: Apple M2
Initialize mono
Mono path[0] = '/Applications/Unity/Hub/Editor/2022.3.15f1/Unity.app/Contents/Managed'
Mono path[1] = '/Applications/Unity/Hub/Editor/2022.3.15f1/Unity.app/Contents/MonoBleedingEdge/lib/mono/unityjit-macos'
Mono config path = '/Applications/Unity/Hub/Editor/2022.3.15f1/Unity.app/Contents/MonoBleedingEdge/etc'
Using monoOptions --debugger-agent=transport=dt_socket,embedding=1,server=y,suspend=n,address=127.0.0.1:56483
Begin MonoManager ReloadAssembly
Registering precompiled unity dll's ...
Register platform support module: /Applications/Unity/Hub/Editor/2022.3.15f1/PlaybackEngines/WebGLSupport/UnityEditor.WebGL.Extensions.dll
Register platform support module: /Applications/Unity/Hub/Editor/2022.3.15f1/Unity.app/Contents/PlaybackEngines/MacStandaloneSupport/UnityEditor.OSXStandalone.Extensions.dll
Register platform support module: /Applications/Unity/Hub/Editor/2022.3.15f1/PlaybackEngines/AndroidPlayer/UnityEditor.Android.Extensions.dll
Register platform support module: /Applications/Unity/Hub/Editor/2022.3.15f1/PlaybackEngines/WindowsStandaloneSupport/UnityEditor.WindowsStandalone.Extensions.dll
Registered in 0.004892 seconds.
- Loaded All Assemblies, in  0.241 seconds
Native extension for WindowsStandalone target not found
Native extension for Android target not found
Android Extension - Scanning For ADB Devices 72 ms
Native extension for OSXStandalone target not found
Native extension for WebGL target not found
Mono: successfully reloaded assembly
- Finished resetting the current domain, in  0.265 seconds
Domain Reload Profiling: 506ms
	BeginReloadAssembly (80ms)
		ExecutionOrderSort (0ms)
		DisableScriptedObjects (0ms)
		BackupInstance (0ms)
		ReleaseScriptingObjects (0ms)
		CreateAndSetChildDomain (0ms)
	RebuildCommonClasses (21ms)
	RebuildNativeTypeToScriptingClass (7ms)
	initialDomainReloadingComplete (35ms)
	LoadAllAssembliesAndSetupDomain (97ms)
		LoadAssemblies (81ms)
		RebuildTransferFunctionScriptingTraits (0ms)
		AnalyzeDomain (95ms)
			TypeCache.Refresh (94ms)
				TypeCache.ScanAssembly (85ms)
			ScanForSourceGeneratedMonoScriptInfo (0ms)
			ResolveRequiredComponents (0ms)
	FinalizeReload (265ms)
		ReleaseScriptCaches (0ms)
		RebuildScriptCaches (0ms)
		SetupLoadedEditorAssemblies (228ms)
			LogAssemblyErrors (0ms)
			InitializePlatformSupportModulesInManaged (143ms)
			SetLoadedEditorAssemblies (3ms)
			RefreshPlugins (0ms)
			BeforeProcessingInitializeOnLoad (1ms)
			ProcessInitializeOnLoadAttributes (57ms)
			ProcessInitializeOnLoadMethodAttributes (24ms)
			AfterProcessingInitializeOnLoad (0ms)
			EditorAssembliesLoaded (0ms)
		ExecutionOrderSort2 (0ms)
		AwakeInstancesAfterBackupRestoration (0ms)
========================================================================
Worker process is ready to serve import requests
Begin MonoManager ReloadAssembly
- Loaded All Assemblies, in  0.383 seconds
Refreshing native plugins compatible for Editor in 0.79 ms, found 2 plugins.
Native extension for WindowsStandalone target not found
Native extension for Android target not found
Native extension for OSXStandalone target not found
Native extension for WebGL target not found
Package Manager log level set to [2]
[Package Manager] Server::EnsureServerProcessIsRunning -- launch failed, reason: Unity was launched with the -noUpm command-line argument
[Package Manager] UpmClient::Send -- Unable to send message (not connected to UPM process).
[Package Manager] Cannot connect to Unity Package Manager local server
Mono: successfully reloaded assembly
- Finished resetting the current domain, in  0.437 seconds
Domain Reload Profiling: 821ms
	BeginReloadAssembly (73ms)
		ExecutionOrderSort (0ms)
		DisableScriptedObjects (3ms)
		BackupInstance (0ms)
		ReleaseScriptingObjects (0ms)
		CreateAndSetChildDomain (19ms)
	RebuildCommonClasses (22ms)
	RebuildNativeTypeToScriptingClass (8ms)
	initialDomainReloadingComplete (21ms)
	LoadAllAssembliesAndSetupDomain (261ms)
		LoadAssemblies (180ms)
		RebuildTransferFunctionScriptingTraits (0ms)
		AnalyzeDomain (113ms)
			TypeCache.Refresh (103ms)
				TypeCache.ScanAssembly (90ms)
			ScanForSourceGeneratedMonoScriptInfo (7ms)
			ResolveRequiredComponents (2ms)
	FinalizeReload (437ms)
		ReleaseScriptCaches (0ms)
		RebuildScriptCaches (0ms)
		SetupLoadedEditorAssemblies (336ms)
			LogAssemblyErrors (0ms)
			InitializePlatformSupportModulesInManaged (12ms)
			SetLoadedEditorAssemblies (3ms)
			RefreshPlugins (0ms)
			BeforeProcessingInitializeOnLoad (39ms)
			ProcessInitializeOnLoadAttributes (270ms)
			ProcessInitializeOnLoadMethodAttributes (11ms)
			AfterProcessingInitializeOnLoad (1ms)
			EditorAssembliesLoaded (0ms)
		ExecutionOrderSort2 (0ms)
		AwakeInstancesAfterBackupRestoration (2ms)
Launching external process: /Applications/Unity/Hub/Editor/2022.3.15f1/Unity.app/Contents/Tools/UnityShaderCompiler
Launched and connected shader compiler UnityShaderCompiler after 0.05 seconds
Refreshing native plugins compatible for Editor in 0.55 ms, found 2 plugins.
Preloading 0 native plugins for Editor in 0.00 ms.
Unloading 3087 Unused Serialized files (Serialized files now loaded: 0)
Unloading 34 unused Assets / (0.7 MB). Loaded Objects now: 3550.
Memory consumption went from 141.9 MB to 141.2 MB.
Total: 2.883917 ms (FindLiveObjects: 0.120792 ms CreateObjectMapping: 0.051750 ms MarkObjects: 2.506250 ms  DeleteObjects: 0.204583 ms)

AssetImportParameters requested are different than current active one (requested -> active):
  custom:container-demuxer-ogg: 62fdf1f143b41e24485cea50d1cbac27 -> 
  custom:video-decoder-ogg-theora: a1e56fd34408186e4bbccfd4996cb3dc -> 
  custom:CustomObjectIndexerAttribute: 43b350a4d6e6d1791af0b5038c4bea17 -> 
  custom:container-demuxer-webm: 4f35f7cbe854078d1ac9338744f61a02 -> 
  custom:container-muxer-webm: aa71ff27fc2769a1b78a27578f13a17b -> 
  custom:video-decoder-webm-vp8: 9c59270c3fd7afecdb556c50c9e8de78 -> 
  custom:SearchIndexIgnoredProperties: e643bd26f0fe6173181afceb89e7c659 -> 
  custom:AudioImporter_EditorPlatform: 3918e3fc78b5a79bad01e8451be0beb8 -> 
  custom:framework-osx-AVFoundation: e770b220cccbd017edd2c1fefb359320 -> 
  custom:video-encoder-webm-vp8: eb34c28f22e8b96e1ab97ce403110664 -> 
  custom:audio-decoder-ogg-vorbis: bf7c407c2cedff20999df2af8eb42d56 -> 
  custom:audio-encoder-webm-vorbis: bf7c407c2cedff20999df2af8eb42d56 -> 
========================================================================
Received Import Request.
  Time since last request: 8368.200083 seconds.
  path: Assets/WorldMaterialsFree/Resource Files/DesertCliffRock/DesertCliffRock_AO.png
  artifactKey: Guid(58a7827d0fd84c64fb9239eb18528414) Importer(815301076,1909f56bfc062723c751e8b465ee728b)
Start importing Assets/WorldMaterialsFree/Resource Files/DesertCliffRock/DesertCliffRock_AO.png using Guid(58a7827d0fd84c64fb9239eb18528414) Importer(815301076,1909f56bfc062723c751e8b465ee728b)  -> (artifact id: 'c67c23dbb7d139255cf9b9db10204a6e') in 0.044513 seconds
Number of updated asset objects reloaded before import = 0
Number of asset objects unloaded after import = 2
========================================================================
Received Import Request.
  Time since last request: 0.000030 seconds.
  path: Assets/WorldMaterialsFree/Resource Files/DesertCliffRock/DesertCliffRock_roughness.png
  artifactKey: Guid(8a43d49b2d423ca43b66c224d8f108d1) Importer(815301076,1909f56bfc062723c751e8b465ee728b)
Start importing Assets/WorldMaterialsFree/Resource Files/DesertCliffRock/DesertCliffRock_roughness.png using Guid(8a43d49b2d423ca43b66c224d8f108d1) Importer(815301076,1909f56bfc062723c751e8b465ee728b)  -> (artifact id: '48aaca1664143fa97ab75e5c5d85172a') in 0.004928 seconds
Number of updated asset objects reloaded before import = 0
Number of asset objects unloaded after import = 2
========================================================================
Received Import Request.
  Time since last request: 0.000198 seconds.
  path: Assets/WorldMaterialsFree/Resource Files/DesertCliffRock/DesertCliffRock_normal.png
  artifactKey: Guid(849cfd9762b661d43bde99a183d4ada7) Importer(815301076,1909f56bfc062723c751e8b465ee728b)
Start importing Assets/WorldMaterialsFree/Resource Files/DesertCliffRock/DesertCliffRock_normal.png using Guid(849cfd9762b661d43bde99a183d4ada7) Importer(815301076,1909f56bfc062723c751e8b465ee728b)  -> (artifact id: 'e8dcc3fc982109c39080291e9f91709b') in 0.011693 seconds
Number of updated asset objects reloaded before import = 0
Number of asset objects unloaded after import = 2
========================================================================
Received Import Request.
  Time since last request: 1.686103 seconds.
  path: Assets/WorldMaterialsFree/Resource Files/DesertSandBrick/DesertSandBricks_AO.png
  artifactKey: Guid(72978bae7d861354393f0406a617cdac) Importer(815301076,1909f56bfc062723c751e8b465ee728b)
Start importing Assets/WorldMaterialsFree/Resource Files/DesertSandBrick/DesertSandBricks_AO.png using Guid(72978bae7d861354393f0406a617cdac) Importer(815301076,1909f56bfc062723c751e8b465ee728b)  -> (artifact id: 'c77a5ecc073eecd60e82649abba75510') in 0.010595 seconds
Number of updated asset objects reloaded before import = 0
Number of asset objects unloaded after import = 2
========================================================================
Received Import Request.
  Time since last request: 0.000224 seconds.
  path: Assets/WorldMaterialsFree/Resource Files/DesertSandBrick/DesertSandBricks_YFliped_Normal.png
  artifactKey: Guid(db261c095f99c104aaf9df8823505787) Importer(815301076,1909f56bfc062723c751e8b465ee728b)
Start importing Assets/WorldMaterialsFree/Resource Files/DesertSandBrick/DesertSandBricks_YFliped_Normal.png using Guid(db261c095f99c104aaf9df8823505787) Importer(815301076,1909f56bfc062723c751e8b465ee728b)  -> (artifact id: '31f20d9f2f2bae342134efc4f7d7c637') in 0.008653 seconds
Number of updated asset objects reloaded before import = 0
Number of asset objects unloaded after import = 2
========================================================================
Received Import Request.
  Time since last request: 0.000084 seconds.
  path: Assets/WorldMaterialsFree/Resource Files/DesertSandBrick/DesertSandBricks_Smoothness.png
  artifactKey: Guid(c6f2645d1d250954998a59d62ef2403e) Importer(815301076,1909f56bfc062723c751e8b465ee728b)
Start importing Assets/WorldMaterialsFree/Resource Files/DesertSandBrick/DesertSandBricks_Smoothness.png using Guid(c6f2645d1d250954998a59d62ef2403e) Importer(815301076,1909f56bfc062723c751e8b465ee728b)  -> (artifact id: 'd09dccbb84bf17c01533eb61640a4426') in 0.006052 seconds
Number of updated asset objects reloaded before import = 0
Number of asset objects unloaded after import = 2
========================================================================
Received Import Request.
  Time since last request: 0.000184 seconds.
  path: Assets/WorldMaterialsFree/Resource Files/DesertSandBrick/DesertSandBricks_roughness.png
  artifactKey: Guid(4008be94fb538d040863fb00f6276ecd) Importer(815301076,1909f56bfc062723c751e8b465ee728b)
Start importing Assets/WorldMaterialsFree/Resource Files/DesertSandBrick/DesertSandBricks_roughness.png using Guid(4008be94fb538d040863fb00f6276ecd) Importer(815301076,1909f56bfc062723c751e8b465ee728b)  -> (artifact id: '4d510818e6be095800e9e0022479c4fc') in 0.006338 seconds
Number of updated asset objects reloaded before import = 0
Number of asset objects unloaded after import = 2
========================================================================
Received Import Request.
  Time since last request: 2.232842 seconds.
  path: Assets/WorldMaterialsFree/Resource Files/DryRockyDirt/DryRockyDirt_AO.png
  artifactKey: Guid(d48b0ca5ba64be44396e2336c27b3c4b) Importer(815301076,1909f56bfc062723c751e8b465ee728b)
Start importing Assets/WorldMaterialsFree/Resource Files/DryRockyDirt/DryRockyDirt_AO.png using Guid(d48b0ca5ba64be44396e2336c27b3c4b) Importer(815301076,1909f56bfc062723c751e8b465ee728b)  -> (artifact id: 'dd247f4f6dd486d68642cc0b9eb50bf1') in 0.010137 seconds
Number of updated asset objects reloaded before import = 0
Number of asset objects unloaded after import = 2
========================================================================
Received Import Request.
  Time since last request: 0.000116 seconds.
  path: Assets/WorldMaterialsFree/Resource Files/DryRockyDirt/DryRockyDirt_YFliped_Normal.png
  artifactKey: Guid(185ea4de8a5e15446a84d3e1a0e26db9) Importer(815301076,1909f56bfc062723c751e8b465ee728b)
Start importing Assets/WorldMaterialsFree/Resource Files/DryRockyDirt/DryRockyDirt_YFliped_Normal.png using Guid(185ea4de8a5e15446a84d3e1a0e26db9) Importer(815301076,1909f56bfc062723c751e8b465ee728b)  -> (artifact id: 'be90bac73e3bb4704641435abbc93e67') in 0.009107 seconds
Number of updated asset objects reloaded before import = 0
Number of asset objects unloaded after import = 2
========================================================================
Received Import Request.
  Time since last request: 0.000051 seconds.
  path: Assets/WorldMaterialsFree/Resource Files/DryRockyDirt/DryRockyDirt_Roughness.png
  artifactKey: Guid(8a0169be06eccdc43b8f13fe7f4a0a75) Importer(815301076,1909f56bfc062723c751e8b465ee728b)
Start importing Assets/WorldMaterialsFree/Resource Files/DryRockyDirt/DryRockyDirt_Roughness.png using Guid(8a0169be06eccdc43b8f13fe7f4a0a75) Importer(815301076,1909f56bfc062723c751e8b465ee728b)  -> (artifact id: '72d93e1c20fbc5be7c91352d36d6229c') in 0.007311 seconds
Number of updated asset objects reloaded before import = 0
Number of asset objects unloaded after import = 2
========================================================================
Received Import Request.
  Time since last request: 0.000077 seconds.
  path: Assets/WorldMaterialsFree/Resource Files/DryRockyDirt/DryRockyDirt_Height.png
  artifactKey: Guid(df3add141d9bccf4e97ff6ab6c319438) Importer(815301076,1909f56bfc062723c751e8b465ee728b)
Start importing Assets/WorldMaterialsFree/Resource Files/DryRockyDirt/DryRockyDirt_Height.png using Guid(df3add141d9bccf4e97ff6ab6c319438) Importer(815301076,1909f56bfc062723c751e8b465ee728b)  -> (artifact id: 'dff9b578380d23f11ab5a93f47a5f6fb') in 0.004765 seconds
Number of updated asset objects reloaded before import = 0
Number of asset objects unloaded after import = 2
========================================================================
Received Import Request.
  Time since last request: 1.191706 seconds.
  path: Assets/WorldMaterialsFree/Resource Files/GrassClumps/GrassClumps_ao.png
  artifactKey: Guid(b0f89689d918fce4ca715e2d2f50bb44) Importer(815301076,1909f56bfc062723c751e8b465ee728b)
Start importing Assets/WorldMaterialsFree/Resource Files/GrassClumps/GrassClumps_ao.png using Guid(b0f89689d918fce4ca715e2d2f50bb44) Importer(815301076,1909f56bfc062723c751e8b465ee728b)  -> (artifact id: 'f761e71eaf639958f9825d230002f54d') in 0.013007 seconds
Number of updated asset objects reloaded before import = 0
Number of asset objects unloaded after import = 2
========================================================================
Received Import Request.
  Time since last request: 0.000171 seconds.
  path: Assets/WorldMaterialsFree/Resource Files/GrassClumps/GrassClumps_normal.png
  artifactKey: Guid(94f1b3e664544014b883305acee2bff8) Importer(815301076,1909f56bfc062723c751e8b465ee728b)
Start importing Assets/WorldMaterialsFree/Resource Files/GrassClumps/GrassClumps_normal.png using Guid(94f1b3e664544014b883305acee2bff8) Importer(815301076,1909f56bfc062723c751e8b465ee728b)  -> (artifact id: '9f860c587e9424cd0f57ac911f8e8132') in 0.010099 seconds
Number of updated asset objects reloaded before import = 0
Number of asset objects unloaded after import = 2
========================================================================
Received Import Request.
  Time since last request: 0.000061 seconds.
  path: Assets/WorldMaterialsFree/Resource Files/GrassClumps/GrassClumps_roughness.png
  artifactKey: Guid(5cf8ace01dc2f4544a271b07596e820e) Importer(815301076,1909f56bfc062723c751e8b465ee728b)
Start importing Assets/WorldMaterialsFree/Resource Files/GrassClumps/GrassClumps_roughness.png using Guid(5cf8ace01dc2f4544a271b07596e820e) Importer(815301076,1909f56bfc062723c751e8b465ee728b)  -> (artifact id: 'c5170b752cddf678cb393d43a815f95b') in 0.005033 seconds
Number of updated asset objects reloaded before import = 0
Number of asset objects unloaded after import = 2
========================================================================
Received Import Request.
  Time since last request: 0.605770 seconds.
  path: Assets/WorldMaterialsFree/Resource Files/GrassGravel/GrassGravel_ao.png
  artifactKey: Guid(08abe4ebe80f2a8419b792acb0d20542) Importer(815301076,1909f56bfc062723c751e8b465ee728b)
Start importing Assets/WorldMaterialsFree/Resource Files/GrassGravel/GrassGravel_ao.png using Guid(08abe4ebe80f2a8419b792acb0d20542) Importer(815301076,1909f56bfc062723c751e8b465ee728b)  -> (artifact id: 'ab10d6d7694eaca7eafca8c3eba58480') in 0.011131 seconds
Number of updated asset objects reloaded before import = 0
Number of asset objects unloaded after import = 2
========================================================================
Received Import Request.
  Time since last request: 0.000134 seconds.
  path: Assets/WorldMaterialsFree/Resource Files/GrassGravel/GrassGravel_YFliped_normal.png
  artifactKey: Guid(22da1a499fabde34888dba098e5c9d50) Importer(815301076,1909f56bfc062723c751e8b465ee728b)
Start importing Assets/WorldMaterialsFree/Resource Files/GrassGravel/GrassGravel_YFliped_normal.png using Guid(22da1a499fabde34888dba098e5c9d50) Importer(815301076,1909f56bfc062723c751e8b465ee728b)  -> (artifact id: '78706fd3aed4b185813e4c39b7441b8a') in 0.009798 seconds
Number of updated asset objects reloaded before import = 0
Number of asset objects unloaded after import = 2
========================================================================
Received Import Request.
  Time since last request: 0.000072 seconds.
  path: Assets/WorldMaterialsFree/Resource Files/GrassGravel/GrassGravel_height.png
  artifactKey: Guid(c58babe44f8c3b041872e30e0f504583) Importer(815301076,1909f56bfc062723c751e8b465ee728b)
Start importing Assets/WorldMaterialsFree/Resource Files/GrassGravel/GrassGravel_height.png using Guid(c58babe44f8c3b041872e30e0f504583) Importer(815301076,1909f56bfc062723c751e8b465ee728b)  -> (artifact id: '8c63b844cd143c7488b82fff9cc0420f') in 0.006270 seconds
Number of updated asset objects reloaded before import = 0
Number of asset objects unloaded after import = 2
========================================================================
Received Import Request.
  Time since last request: 0.822112 seconds.
  path: Assets/WorldMaterialsFree/Resource Files/HexBricks/HexBricks_AO.png
  artifactKey: Guid(4649392a20f684241bedd6e5f47d1c7f) Importer(815301076,1909f56bfc062723c751e8b465ee728b)
Start importing Assets/WorldMaterialsFree/Resource Files/HexBricks/HexBricks_AO.png using Guid(4649392a20f684241bedd6e5f47d1c7f) Importer(815301076,1909f56bfc062723c751e8b465ee728b)  -> (artifact id: 'b3e23f68b6cce5f6a4bc7e0ca96cc806') in 0.008347 seconds
Number of updated asset objects reloaded before import = 0
Number of asset objects unloaded after import = 2
========================================================================
Received Import Request.
  Time since last request: 0.000157 seconds.
  path: Assets/WorldMaterialsFree/Resource Files/HexBricks/HexBricks_height.png
  artifactKey: Guid(c4aabfcb8fc834541a39eb5e5ec2a787) Importer(815301076,1909f56bfc062723c751e8b465ee728b)
Start importing Assets/WorldMaterialsFree/Resource Files/HexBricks/HexBricks_height.png using Guid(c4aabfcb8fc834541a39eb5e5ec2a787) Importer(815301076,1909f56bfc062723c751e8b465ee728b)  -> (artifact id: '7eb2526b5567489e0b9a084e5834838a') in 0.008361 seconds
Number of updated asset objects reloaded before import = 0
Number of asset objects unloaded after import = 2
========================================================================
Received Import Request.
  Time since last request: 0.000135 seconds.
  path: Assets/WorldMaterialsFree/Resource Files/HexBricks/HexBricks_Smoothness.png
  artifactKey: Guid(d425c3abb087a074eb0002c7ad4c38af) Importer(815301076,1909f56bfc062723c751e8b465ee728b)
Start importing Assets/WorldMaterialsFree/Resource Files/HexBricks/HexBricks_Smoothness.png using Guid(d425c3abb087a074eb0002c7ad4c38af) Importer(815301076,1909f56bfc062723c751e8b465ee728b)  -> (artifact id: 'd7f638225e191c5e1ed3bfdd49566983') in 0.005844 seconds
Number of updated asset objects reloaded before import = 0
Number of asset objects unloaded after import = 2
========================================================================
Received Import Request.
  Time since last request: 2.824255 seconds.
  path: Assets/WorldMaterialsFree/Resource Files/WoodenFlooring/WoodenFlooring_AO.png
  artifactKey: Guid(87b24c57073d5b447928e2648ff7b1f4) Importer(815301076,1909f56bfc062723c751e8b465ee728b)
Start importing Assets/WorldMaterialsFree/Resource Files/WoodenFlooring/WoodenFlooring_AO.png using Guid(87b24c57073d5b447928e2648ff7b1f4) Importer(815301076,1909f56bfc062723c751e8b465ee728b)  -> (artifact id: '39de77e09403dd56ca70768765260235') in 0.011804 seconds
Number of updated asset objects reloaded before import = 0
Number of asset objects unloaded after import = 2
========================================================================
Received Import Request.
  Time since last request: 0.000245 seconds.
  path: Assets/WorldMaterialsFree/Resource Files/WoodenFlooring/WoodenFlooring_Height.png
  artifactKey: Guid(c2aad0ca3f333cd46ae70f27cdbbfefb) Importer(815301076,1909f56bfc062723c751e8b465ee728b)
Start importing Assets/WorldMaterialsFree/Resource Files/WoodenFlooring/WoodenFlooring_Height.png using Guid(c2aad0ca3f333cd46ae70f27cdbbfefb) Importer(815301076,1909f56bfc062723c751e8b465ee728b)  -> (artifact id: '6408a33fe987793b234bed6c0818bcc6') in 0.006733 seconds
Number of updated asset objects reloaded before import = 0
Number of asset objects unloaded after import = 2
========================================================================
Received Import Request.
  Time since last request: 0.000202 seconds.
  path: Assets/WorldMaterialsFree/Resource Files/WoodenFlooring/WoodenFlooring_YFliped_Normal.png
  artifactKey: Guid(ddee466986ec720449081b01f389fe94) Importer(815301076,1909f56bfc062723c751e8b465ee728b)
Start importing Assets/WorldMaterialsFree/Resource Files/WoodenFlooring/WoodenFlooring_YFliped_Normal.png using Guid(ddee466986ec720449081b01f389fe94) Importer(815301076,1909f56bfc062723c751e8b465ee728b)  -> (artifact id: '318185c2eb3d4b156035bf8d8b22d328') in 0.006510 seconds
Number of updated asset objects reloaded before import = 0
Number of asset objects unloaded after import = 2
========================================================================
Received Import Request.
  Time since last request: 0.000060 seconds.
  path: Assets/WorldMaterialsFree/Resource Files/WoodenFlooring/WoodenFlooring_Roughness.png
  artifactKey: Guid(3984a7f90de1c514f9acd270148bf7db) Importer(815301076,1909f56bfc062723c751e8b465ee728b)
Start importing Assets/WorldMaterialsFree/Resource Files/WoodenFlooring/WoodenFlooring_Roughness.png using Guid(3984a7f90de1c514f9acd270148bf7db) Importer(815301076,1909f56bfc062723c751e8b465ee728b)  -> (artifact id: '6eca299a7465e82a19b8a0a2b1598a8f') in 0.008007 seconds
Number of updated asset objects reloaded before import = 0
Number of asset objects unloaded after import = 2
========================================================================
Received Import Request.
  Time since last request: 6.923471 seconds.
  path: Assets/WorldMaterialsFree/Resource Files/WavySand/WavySand_AO.png
  artifactKey: Guid(e73541d8064b2a348b9682198d10f2ed) Importer(815301076,1909f56bfc062723c751e8b465ee728b)
Start importing Assets/WorldMaterialsFree/Resource Files/WavySand/WavySand_AO.png using Guid(e73541d8064b2a348b9682198d10f2ed) Importer(815301076,1909f56bfc062723c751e8b465ee728b)  -> (artifact id: 'c267bf168f407b0f6efa43cb6a4e0c91') in 0.008251 seconds
Number of updated asset objects reloaded before import = 0
Number of asset objects unloaded after import = 2
========================================================================
Received Import Request.
  Time since last request: 0.000212 seconds.
  path: Assets/WorldMaterialsFree/Resource Files/WavySand/WavySand_smoothness.png
  artifactKey: Guid(06e741348f141804faa9421cd9aa2c27) Importer(815301076,1909f56bfc062723c751e8b465ee728b)
Start importing Assets/WorldMaterialsFree/Resource Files/WavySand/WavySand_smoothness.png using Guid(06e741348f141804faa9421cd9aa2c27) Importer(815301076,1909f56bfc062723c751e8b465ee728b)  -> (artifact id: 'e53489b8b0c0bc93847ecd988a0f94c5') in 0.006682 seconds
Number of updated asset objects reloaded before import = 0
Number of asset objects unloaded after import = 2
========================================================================
Received Import Request.
  Time since last request: 0.000050 seconds.
  path: Assets/WorldMaterialsFree/Resource Files/WavySand/WavySand_YFliped_normal.png
  artifactKey: Guid(c86cd8ae1cec025468e25672c5d790f4) Importer(815301076,1909f56bfc062723c751e8b465ee728b)
Start importing Assets/WorldMaterialsFree/Resource Files/WavySand/WavySand_YFliped_normal.png using Guid(c86cd8ae1cec025468e25672c5d790f4) Importer(815301076,1909f56bfc062723c751e8b465ee728b)  -> (artifact id: '4d326cdbcbd8809e7183b2b08f9207dd') in 0.007484 seconds
Number of updated asset objects reloaded before import = 0
Number of asset objects unloaded after import = 2
========================================================================
Received Import Request.
  Time since last request: 13.458278 seconds.
  path: Assets/WorldMaterialsFree/Resource Files/AgedDarkWood/AgedDarkWood_AO.png
  artifactKey: Guid(81810c6440aa6a040922247b15447cfb) Importer(815301076,1909f56bfc062723c751e8b465ee728b)
Start importing Assets/WorldMaterialsFree/Resource Files/AgedDarkWood/AgedDarkWood_AO.png using Guid(81810c6440aa6a040922247b15447cfb) Importer(815301076,1909f56bfc062723c751e8b465ee728b)  -> (artifact id: 'b2cd372703f639846a328f7e80632c42') in 0.011250 seconds
Number of updated asset objects reloaded before import = 0
Number of asset objects unloaded after import = 2
========================================================================
Received Import Request.
  Time since last request: 0.000090 seconds.
  path: Assets/WorldMaterialsFree/Resource Files/AgedDarkWood/AgedDarkWood_height.png
  artifactKey: Guid(41ee5389a45424b4a80528258a4c236c) Importer(815301076,1909f56bfc062723c751e8b465ee728b)
Start importing Assets/WorldMaterialsFree/Resource Files/AgedDarkWood/AgedDarkWood_height.png using Guid(41ee5389a45424b4a80528258a4c236c) Importer(815301076,1909f56bfc062723c751e8b465ee728b)  -> (artifact id: 'cd6b3c98c7e6becd6de6e53ee4f58453') in 0.007003 seconds
Number of updated asset objects reloaded before import = 0
Number of asset objects unloaded after import = 2
========================================================================
Received Import Request.
  Time since last request: 0.000129 seconds.
  path: Assets/WorldMaterialsFree/Resource Files/AgedDarkWood/AgedDarkWood_Normal.png
  artifactKey: Guid(429af1c44709aab47a20350761071b9d) Importer(815301076,1909f56bfc062723c751e8b465ee728b)
Start importing Assets/WorldMaterialsFree/Resource Files/AgedDarkWood/AgedDarkWood_Normal.png using Guid(429af1c44709aab47a20350761071b9d) Importer(815301076,1909f56bfc062723c751e8b465ee728b)  -> (artifact id: 'df8198685cda0611024bd18d26239b58') in 0.008463 seconds
Number of updated asset objects reloaded before import = 0
Number of asset objects unloaded after import = 2
========================================================================
Received Import Request.
  Time since last request: 5.422207 seconds.
  path: Assets/WorldMaterialsFree/Resource Files/BasketWeaveBricks/BasketWeaveBricks_ao.png
  artifactKey: Guid(c75c7b152cad0d84fbf8caa89105ea3c) Importer(815301076,1909f56bfc062723c751e8b465ee728b)
Start importing Assets/WorldMaterialsFree/Resource Files/BasketWeaveBricks/BasketWeaveBricks_ao.png using Guid(c75c7b152cad0d84fbf8caa89105ea3c) Importer(815301076,1909f56bfc062723c751e8b465ee728b)  -> (artifact id: '5544a6ce64710d6588326edfba390bba') in 0.010748 seconds
Number of updated asset objects reloaded before import = 0
Number of asset objects unloaded after import = 2
========================================================================
Received Import Request.
  Time since last request: 0.000162 seconds.
  path: Assets/WorldMaterialsFree/Resource Files/BasketWeaveBricks/BasketWeaveBricks_YFliped_Normal.png
  artifactKey: Guid(58975c05dd358584c88c2a142740a111) Importer(815301076,1909f56bfc062723c751e8b465ee728b)
Start importing Assets/WorldMaterialsFree/Resource Files/BasketWeaveBricks/BasketWeaveBricks_YFliped_Normal.png using Guid(58975c05dd358584c88c2a142740a111) Importer(815301076,1909f56bfc062723c751e8b465ee728b)  -> (artifact id: 'e3fba4134c301b4f031cac1aedf0b161') in 0.008954 seconds
Number of updated asset objects reloaded before import = 0
Number of asset objects unloaded after import = 2
========================================================================
Received Import Request.
  Time since last request: 0.000163 seconds.
  path: Assets/WorldMaterialsFree/Resource Files/BasketWeaveBricks/BasketWeaveBricks_Smoothness.png
  artifactKey: Guid(b05bb9ac27530194f9ce4086ccac645c) Importer(815301076,1909f56bfc062723c751e8b465ee728b)
Start importing Assets/WorldMaterialsFree/Resource Files/BasketWeaveBricks/BasketWeaveBricks_Smoothness.png using Guid(b05bb9ac27530194f9ce4086ccac645c) Importer(815301076,1909f56bfc062723c751e8b465ee728b)  -> (artifact id: '0c45ebc74689f78e8b2ab1e786f08593') in 0.006980 seconds
Number of updated asset objects reloaded before import = 0
Number of asset objects unloaded after import = 2
========================================================================
Received Import Request.
  Time since last request: 6.758636 seconds.
  path: Assets/WorldMaterialsFree/Resource Files/BathroomTiles/BathroomTiles_ao.png
  artifactKey: Guid(860be524c0b9c6143b310603dc363a8e) Importer(815301076,1909f56bfc062723c751e8b465ee728b)
Start importing Assets/WorldMaterialsFree/Resource Files/BathroomTiles/BathroomTiles_ao.png using Guid(860be524c0b9c6143b310603dc363a8e) Importer(815301076,1909f56bfc062723c751e8b465ee728b)  -> (artifact id: '514c8d22c35c3b4384650bacf8fdec0a') in 0.010146 seconds
Number of updated asset objects reloaded before import = 0
Number of asset objects unloaded after import = 2
========================================================================
Received Import Request.
  Time since last request: 0.000201 seconds.
  path: Assets/WorldMaterialsFree/Resource Files/BathroomTiles/BathroomTiles_YFliped_normal.png
  artifactKey: Guid(6a8b3c6c7263897449ffa52d4e393c23) Importer(815301076,1909f56bfc062723c751e8b465ee728b)
Start importing Assets/WorldMaterialsFree/Resource Files/BathroomTiles/BathroomTiles_YFliped_normal.png using Guid(6a8b3c6c7263897449ffa52d4e393c23) Importer(815301076,1909f56bfc062723c751e8b465ee728b)  -> (artifact id: '691923289db5791c2794c29faf1b4a61') in 0.008073 seconds
Number of updated asset objects reloaded before import = 0
Number of asset objects unloaded after import = 2
========================================================================
Received Import Request.
  Time since last request: 0.000058 seconds.
  path: Assets/WorldMaterialsFree/Resource Files/BathroomTiles/BathroomTiles_Roughness.png
  artifactKey: Guid(2e00baf0337133c408ba69ca99b5fe16) Importer(815301076,1909f56bfc062723c751e8b465ee728b)
Start importing Assets/WorldMaterialsFree/Resource Files/BathroomTiles/BathroomTiles_Roughness.png using Guid(2e00baf0337133c408ba69ca99b5fe16) Importer(815301076,1909f56bfc062723c751e8b465ee728b)  -> (artifact id: '56c72239ef83eb4e87d8495a8f720c84') in 0.006069 seconds
Number of updated asset objects reloaded before import = 0
Number of asset objects unloaded after import = 2
========================================================================
Received Import Request.
  Time since last request: 0.000122 seconds.
  path: Assets/WorldMaterialsFree/Resource Files/BathroomTiles/BathroomTiles_normal.png
  artifactKey: Guid(f6d214f7dc5472042aa57d89d7069aa3) Importer(815301076,1909f56bfc062723c751e8b465ee728b)
Start importing Assets/WorldMaterialsFree/Resource Files/BathroomTiles/BathroomTiles_normal.png using Guid(f6d214f7dc5472042aa57d89d7069aa3) Importer(815301076,1909f56bfc062723c751e8b465ee728b)  -> (artifact id: '24d0847cbed276e9c9992b8f43f273b3') in 0.006079 seconds
Number of updated asset objects reloaded before import = 0
Number of asset objects unloaded after import = 2
========================================================================
Received Import Request.
  Time since last request: 3.147613 seconds.
  path: Assets/WorldMaterialsFree/Resource Files/BrushedIron/BrushedIron_Metallic.png
  artifactKey: Guid(be2f8d770f6be0d4fae301de933abab6) Importer(815301076,1909f56bfc062723c751e8b465ee728b)
Start importing Assets/WorldMaterialsFree/Resource Files/BrushedIron/BrushedIron_Metallic.png using Guid(be2f8d770f6be0d4fae301de933abab6) Importer(815301076,1909f56bfc062723c751e8b465ee728b)  -> (artifact id: '3fe422dd6ec66f3b47dc80f050637ce4') in 0.011673 seconds
Number of updated asset objects reloaded before import = 0
Number of asset objects unloaded after import = 2
========================================================================
Received Import Request.
  Time since last request: 0.000188 seconds.
  path: Assets/WorldMaterialsFree/Resource Files/BrushedIron/BrushedIron_Normal.png
  artifactKey: Guid(7d93ec18be30d0340b3270211bba118f) Importer(815301076,1909f56bfc062723c751e8b465ee728b)
Start importing Assets/WorldMaterialsFree/Resource Files/BrushedIron/BrushedIron_Normal.png using Guid(7d93ec18be30d0340b3270211bba118f) Importer(815301076,1909f56bfc062723c751e8b465ee728b)  -> (artifact id: '7636d9787a4537ed8a8614956f44805c') in 0.007471 seconds
Number of updated asset objects reloaded before import = 0
Number of asset objects unloaded after import = 2
========================================================================
Received Import Request.
  Time since last request: 1.461753 seconds.
  path: Assets/WorldMaterialsFree/Resource Files/ClumpMud/ClumpMud_Normal.png
  artifactKey: Guid(2a6a7e98a8983324e8aeca94a705844e) Importer(815301076,1909f56bfc062723c751e8b465ee728b)
Start importing Assets/WorldMaterialsFree/Resource Files/ClumpMud/ClumpMud_Normal.png using Guid(2a6a7e98a8983324e8aeca94a705844e) Importer(815301076,1909f56bfc062723c751e8b465ee728b)  -> (artifact id: 'd8f775af2487faa31782740d0a194e54') in 0.012832 seconds
Number of updated asset objects reloaded before import = 0
Number of asset objects unloaded after import = 2
========================================================================
Received Import Request.
  Time since last request: 0.000109 seconds.
  path: Assets/WorldMaterialsFree/Resource Files/ClumpMud/ClumpMud_Roughness.png
  artifactKey: Guid(f7bacf6227a370f4bb68a162cd7a690c) Importer(815301076,1909f56bfc062723c751e8b465ee728b)
Start importing Assets/WorldMaterialsFree/Resource Files/ClumpMud/ClumpMud_Roughness.png using Guid(f7bacf6227a370f4bb68a162cd7a690c) Importer(815301076,1909f56bfc062723c751e8b465ee728b)  -> (artifact id: '670c0bba7c395c03b9da567d5bfba0a9') in 0.006147 seconds
Number of updated asset objects reloaded before import = 0
Number of asset objects unloaded after import = 2
========================================================================
Received Import Request.
  Time since last request: 2.466274 seconds.
  path: Assets/WorldMaterialsFree/Resource Files/CoarseConcrete/CoarseConcrete_normal.png
  artifactKey: Guid(539e779cb2e1e6a43b4d905e45ca9c8e) Importer(815301076,1909f56bfc062723c751e8b465ee728b)
Start importing Assets/WorldMaterialsFree/Resource Files/CoarseConcrete/CoarseConcrete_normal.png using Guid(539e779cb2e1e6a43b4d905e45ca9c8e) Importer(815301076,1909f56bfc062723c751e8b465ee728b)  -> (artifact id: '0e3ac637d65d31e984d8358f9390034b') in 0.012053 seconds
Number of updated asset objects reloaded before import = 0
Number of asset objects unloaded after import = 2
========================================================================
Received Import Request.
  Time since last request: 0.000251 seconds.
  path: Assets/WorldMaterialsFree/Resource Files/CoarseConcrete/CoarseConcrete_smoothness.png
  artifactKey: Guid(96cd96eb4f3869c4d89391f3a86de4dd) Importer(815301076,1909f56bfc062723c751e8b465ee728b)
Start importing Assets/WorldMaterialsFree/Resource Files/CoarseConcrete/CoarseConcrete_smoothness.png using Guid(96cd96eb4f3869c4d89391f3a86de4dd) Importer(815301076,1909f56bfc062723c751e8b465ee728b)  -> (artifact id: '61aa9e1331da1a3d1a392976d597f2cb') in 0.006835 seconds
Number of updated asset objects reloaded before import = 0
Number of asset objects unloaded after import = 2
